d:\onedrive - universities of canada\courses\cs-4350\fall 2023\project\3d model\3d model\x64\debug\vc142.pdb
d:\onedrive - universities of canada\courses\cs-4350\fall 2023\project\3d model\3d model\x64\debug\vc142.idb
d:\onedrive - universities of canada\courses\cs-4350\fall 2023\project\3d model\3d model\x64\debug\glad.obj
d:\onedrive - universities of canada\courses\cs-4350\fall 2023\project\3d model\3d model\x64\debug\loadtwomodelscpp.obj
d:\onedrive - universities of canada\courses\cs-4350\fall 2023\project\3d model\3d model\x64\debug\initshader.obj
d:\onedrive - universities of canada\courses\cs-4350\fall 2023\project\3d model\3d model\x64\debug\glut_version.obj
d:\onedrive - universities of canada\courses\cs-4350\fall 2023\project\3d model\3d model\x64\debug\glfw_version.obj
d:\onedrive - universities of canada\courses\cs-4350\fall 2023\project\3d model\3d model\x64\debug\lab6.pdb
d:\onedrive - universities of canada\courses\cs-4350\fall 2023\project\3d model\3d model\x64\debug\lab6.exe
d:\onedrive - universities of canada\courses\cs-4350\fall 2023\project\3d model\3d model\x64\debug\lab6.tlog\cl.command.1.tlog
d:\onedrive - universities of canada\courses\cs-4350\fall 2023\project\3d model\3d model\x64\debug\lab6.tlog\cl.read.1.tlog
d:\onedrive - universities of canada\courses\cs-4350\fall 2023\project\3d model\3d model\x64\debug\lab6.tlog\cl.write.1.tlog
d:\onedrive - universities of canada\courses\cs-4350\fall 2023\project\3d model\3d model\x64\debug\lab6.tlog\clang-cl.11380.delete.1.tlog
d:\onedrive - universities of canada\courses\cs-4350\fall 2023\project\3d model\3d model\x64\debug\lab6.tlog\clang-cl.19860.delete.1.tlog
d:\onedrive - universities of canada\courses\cs-4350\fall 2023\project\3d model\3d model\x64\debug\lab6.tlog\clang-cl.28964.delete.1.tlog
d:\onedrive - universities of canada\courses\cs-4350\fall 2023\project\3d model\3d model\x64\debug\lab6.tlog\clang-cl.35388.delete.1.tlog
d:\onedrive - universities of canada\courses\cs-4350\fall 2023\project\3d model\3d model\x64\debug\lab6.tlog\clang-cl.38640.delete.1.tlog
d:\onedrive - universities of canada\courses\cs-4350\fall 2023\project\3d model\3d model\x64\debug\lab6.tlog\clang-cl.39820.delete.1.tlog
d:\onedrive - universities of canada\courses\cs-4350\fall 2023\project\3d model\3d model\x64\debug\lab6.tlog\clang-cl.command.1.tlog
d:\onedrive - universities of canada\courses\cs-4350\fall 2023\project\3d model\3d model\x64\debug\lab6.tlog\clang-cl.delete.1.tlog
d:\onedrive - universities of canada\courses\cs-4350\fall 2023\project\3d model\3d model\x64\debug\lab6.tlog\clang-cl.read.1.tlog
d:\onedrive - universities of canada\courses\cs-4350\fall 2023\project\3d model\3d model\x64\debug\lab6.tlog\clang-cl.write.1.tlog
d:\onedrive - universities of canada\courses\cs-4350\fall 2023\project\3d model\3d model\x64\debug\lab6.tlog\lld-link.command.1.tlog
d:\onedrive - universities of canada\courses\cs-4350\fall 2023\project\3d model\3d model\x64\debug\lab6.tlog\lld-link.delete.1.tlog
d:\onedrive - universities of canada\courses\cs-4350\fall 2023\project\3d model\3d model\x64\debug\lab6.tlog\lld-link.read.1.tlog
d:\onedrive - universities of canada\courses\cs-4350\fall 2023\project\3d model\3d model\x64\debug\lab6.tlog\lld-link.write.1.tlog
